CRITICAL - 2025-08-21 09:51:30 --> ErrorException: Undefined variable $total_pemasukan
[Method: GET, Route: kas]
in APPPATH\Views\kas\index.php on line 14.
 1 APPPATH\Views\kas\index.php(14): CodeIgniter\Debug\Exceptions->errorHandler(2, 'Undefined variable $total_pemasukan', 'C:\\xampp\\htdocs\\KasRt\\app\\Views\\kas\\index.php', 14)
 2 SYSTEMPATH\View\View.php(224): include('C:\\xampp\\htdocs\\KasRt\\app\\Views\\kas\\index.php')
 3 SYSTEMPATH\View\View.php(227): CodeIgniter\View\View->CodeIgniter\View\{closure}()
 4 SYSTEMPATH\Common.php(1173): CodeIgniter\View\View->render('kas/index', [], true)
 5 APPPATH\Controllers\KasController.php(19): view('kas/index', [...])
 6 SYSTEMPATH\CodeIgniter.php(933): App\Controllers\KasController->index()
 7 SYSTEMPATH\CodeIgniter.php(507): CodeIgniter\CodeIgniter->runController(Object(App\Controllers\KasController))
 8 SYSTEMPATH\CodeIgniter.php(354): CodeIgniter\CodeIgniter->handleRequest(null, Object(Config\Cache), false)
 9 SYSTEMPATH\Boot.php(334): CodeIgniter\CodeIgniter->run()
10 SYSTEMPATH\Boot.php(67): CodeIgniter\Boot::runCodeIgniter(Object(CodeIgniter\CodeIgniter))
11 FCPATH\index.php(59): CodeIgniter\Boot::bootWeb(Object(Config\Paths))
12 SYSTEMPATH\rewrite.php(44): require_once('C:\\xampp\\htdocs\\KasRt\\public\\index.php')
CRITICAL - 2025-08-21 09:51:42 --> ErrorException: Undefined variable $total_pemasukan
[Method: GET, Route: kas]
in APPPATH\Views\kas\index.php on line 14.
 1 APPPATH\Views\kas\index.php(14): CodeIgniter\Debug\Exceptions->errorHandler(2, 'Undefined variable $total_pemasukan', 'C:\\xampp\\htdocs\\KasRt\\app\\Views\\kas\\index.php', 14)
 2 SYSTEMPATH\View\View.php(224): include('C:\\xampp\\htdocs\\KasRt\\app\\Views\\kas\\index.php')
 3 SYSTEMPATH\View\View.php(227): CodeIgniter\View\View->CodeIgniter\View\{closure}()
 4 SYSTEMPATH\Common.php(1173): CodeIgniter\View\View->render('kas/index', [], true)
 5 APPPATH\Controllers\KasController.php(19): view('kas/index', [...])
 6 SYSTEMPATH\CodeIgniter.php(933): App\Controllers\KasController->index()
 7 SYSTEMPATH\CodeIgniter.php(507): CodeIgniter\CodeIgniter->runController(Object(App\Controllers\KasController))
 8 SYSTEMPATH\CodeIgniter.php(354): CodeIgniter\CodeIgniter->handleRequest(null, Object(Config\Cache), false)
 9 SYSTEMPATH\Boot.php(334): CodeIgniter\CodeIgniter->run()
10 SYSTEMPATH\Boot.php(67): CodeIgniter\Boot::runCodeIgniter(Object(CodeIgniter\CodeIgniter))
11 FCPATH\index.php(59): CodeIgniter\Boot::bootWeb(Object(Config\Paths))
12 SYSTEMPATH\rewrite.php(44): require_once('C:\\xampp\\htdocs\\KasRt\\public\\index.php')
